\BOOKMARK [0][-]{chapter*.1}{\376\377\000D\000\351\000d\000i\000c\000a\000c\000e\000s}{}% 1
\BOOKMARK [0][-]{chapter*.2}{\376\377\000R\000e\000m\000e\000r\000c\000i\000e\000m\000e\000n\000t\000s}{}% 2
\BOOKMARK [0][-]{chapter*.3}{\376\377\000R\000\351\000s\000u\000m\000\351}{}% 3
\BOOKMARK [0][-]{chapter*.4}{\376\377\000L\000i\000s\000t\000e\000\040\000d\000e\000s\000\040\000a\000b\000r\000\351\000v\000i\000a\000t\000i\000o\000n\000s}{}% 4
\BOOKMARK [0][-]{chapter*.7}{\376\377\000I\000n\000t\000r\000o\000d\000u\000c\000t\000i\000o\000n\000\040\000g\000\351\000n\000\351\000r\000a\000l\000e}{}% 5
\BOOKMARK [0][-]{chapter.1}{\376\377\000C\000o\000n\000t\000e\000x\000t\000e\000\040\000g\000\351\000n\000\351\000r\000a\000l\000\040\000d\000u\000\040\000p\000r\000o\000j\000e\000t}{}% 6
\BOOKMARK [1][-]{section.1.1}{\376\377\000I\000n\000t\000r\000o\000d\000u\000c\000t\000i\000o\000n}{chapter.1}% 7
\BOOKMARK [1][-]{section.1.2}{\376\377\000P\000r\000\351\000s\000e\000n\000t\000a\000t\000i\000o\000n\000\040\000d\000u\000\040\000p\000r\000o\000j\000e\000t}{chapter.1}% 8
\BOOKMARK [1][-]{section.1.3}{\376\377\000C\000o\000n\000t\000e\000x\000t\000e\000\040\000d\000u\000\040\000p\000r\000o\000j\000e\000t}{chapter.1}% 9
\BOOKMARK [1][-]{section.1.4}{\376\377\000P\000r\000o\000b\000l\000\351\000m\000a\000t\000i\000q\000u\000e}{chapter.1}% 10
\BOOKMARK [1][-]{section.1.5}{\376\377\000O\000b\000j\000e\000c\000t\000i\000f\000s\000\040\000d\000u\000\040\000p\000r\000o\000j\000e\000t}{chapter.1}% 11
\BOOKMARK [1][-]{section.1.6}{\376\377\000E\000x\000i\000g\000e\000n\000c\000e\000s\000\040\000f\000o\000n\000c\000t\000i\000o\000n\000n\000e\000l\000l\000e\000s}{chapter.1}% 12
\BOOKMARK [1][-]{section.1.7}{\376\377\000E\000x\000i\000g\000e\000n\000c\000e\000s\000\040\000n\000o\000n\000\040\000f\000o\000n\000c\000t\000i\000o\000n\000n\000e\000l\000l\000e\000s}{chapter.1}% 13
\BOOKMARK [1][-]{section.1.8}{\376\377\000\311\000t\000u\000d\000e\000\040\000d\000e\000\040\000l\040\031\000e\000x\000i\000s\000t\000a\000n\000t}{chapter.1}% 14
\BOOKMARK [1][-]{section.1.9}{\376\377\000S\000o\000l\000u\000t\000i\000o\000n\000\040\000p\000r\000o\000p\000o\000s\000\351\000e}{chapter.1}% 15
\BOOKMARK [1][-]{section.1.10}{\376\377\000F\000o\000n\000c\000t\000i\000o\000n\000n\000a\000l\000i\000t\000\351\000s\000\040\000p\000r\000i\000n\000c\000i\000p\000a\000l\000e\000s}{chapter.1}% 16
\BOOKMARK [1][-]{section.1.11}{\376\377\000C\000o\000n\000c\000l\000u\000s\000i\000o\000n}{chapter.1}% 17
\BOOKMARK [0][-]{chapter.2}{\376\377\000D\000\351\000r\000o\000u\000l\000e\000m\000e\000n\000t\000\040\000d\000u\000\040\000p\000r\000o\000j\000e\000t}{}% 18
\BOOKMARK [1][-]{section.2.1}{\376\377\000I\000n\000t\000r\000o\000d\000u\000c\000t\000i\000o\000n}{chapter.2}% 19
\BOOKMARK [1][-]{section.2.2}{\376\377\000P\000l\000a\000n\000i\000f\000i\000c\000a\000t\000i\000o\000n\000\040\000o\000p\000\351\000r\000a\000t\000i\000o\000n\000n\000e\000l\000l\000e}{chapter.2}% 20
\BOOKMARK [2][-]{subsection.2.2.1}{\376\377\000D\000i\000a\000g\000r\000a\000m\000m\000e\000\040\000d\000e\000\040\000G\000a\000n\000t\000t}{section.2.2}% 21
\BOOKMARK [1][-]{section.2.3}{\376\377\000P\000h\000a\000s\000e\000s\000\040\000d\000u\000\040\000d\000\351\000v\000e\000l\000o\000p\000p\000e\000m\000e\000n\000t}{chapter.2}% 22
\BOOKMARK [1][-]{section.2.4}{\376\377\000C\000o\000n\000c\000l\000u\000s\000i\000o\000n}{chapter.2}% 23
\BOOKMARK [0][-]{chapter.3}{\376\377\000S\000p\000\351\000c\000i\000f\000i\000c\000a\000t\000i\000o\000n\000\040\000e\000t\000\040\000m\000o\000d\000\351\000l\000i\000s\000a\000t\000i\000o\000n}{}% 24
\BOOKMARK [1][-]{section.3.1}{\376\377\000I\000n\000t\000r\000o\000d\000u\000c\000t\000i\000o\000n}{chapter.3}% 25
\BOOKMARK [1][-]{section.3.2}{\376\377\000I\000d\000e\000n\000t\000i\000f\000i\000c\000a\000t\000i\000o\000n\000\040\000d\000e\000s\000\040\000a\000c\000t\000e\000u\000r\000s}{chapter.3}% 26
\BOOKMARK [1][-]{section.3.3}{\376\377\000D\000i\000a\000g\000r\000a\000m\000m\000e\000s\000\040\000d\000e\000\040\000c\000a\000s\000\040\000d\040\031\000u\000t\000i\000l\000i\000s\000a\000t\000i\000o\000n}{chapter.3}% 27
\BOOKMARK [2][-]{subsection.3.3.1}{\376\377\000A\000u\000t\000h\000e\000n\000t\000i\000f\000i\000c\000a\000t\000i\000o\000n}{section.3.3}% 28
\BOOKMARK [2][-]{subsection.3.3.2}{\376\377\000N\000a\000v\000i\000g\000a\000t\000i\000o\000n\000\040\000e\000t\000\040\000P\000r\000o\000d\000u\000i\000t\000s}{section.3.3}% 29
\BOOKMARK [2][-]{subsection.3.3.3}{\376\377\000P\000a\000n\000i\000e\000r\000\040\000e\000t\000\040\000C\000o\000m\000m\000a\000n\000d\000e\000s}{section.3.3}% 30
\BOOKMARK [2][-]{subsection.3.3.4}{\376\377\000A\000d\000m\000i\000n\000i\000s\000t\000r\000a\000t\000i\000o\000n}{section.3.3}% 31
\BOOKMARK [1][-]{section.3.4}{\376\377\000M\000o\000d\000\351\000l\000i\000s\000a\000t\000i\000o\000n\000\040\000d\000e\000s\000\040\000d\000o\000n\000n\000\351\000e\000s}{chapter.3}% 32
\BOOKMARK [1][-]{section.3.5}{\376\377\000D\000i\000a\000g\000r\000a\000m\000m\000e\000s\000\040\000d\000e\000\040\000s\000\351\000q\000u\000e\000n\000c\000e}{chapter.3}% 33
\BOOKMARK [2][-]{subsection.3.5.1}{\376\377\000V\000a\000l\000i\000d\000a\000t\000i\000o\000n\000\040\000J\000W\000T}{section.3.5}% 34
\BOOKMARK [2][-]{subsection.3.5.2}{\376\377\000T\000r\000a\000i\000t\000e\000m\000e\000n\000t\000\040\000d\000e\000s\000\040\000c\000o\000m\000m\000a\000n\000d\000e\000s}{section.3.5}% 35
\BOOKMARK [1][-]{section.3.6}{\376\377\000C\000o\000n\000c\000l\000u\000s\000i\000o\000n}{chapter.3}% 36
\BOOKMARK [0][-]{chapter.4}{\376\377\000I\000m\000p\000l\000\351\000m\000e\000n\000t\000a\000t\000i\000o\000n\000\040\000e\000t\000\040\000r\000\351\000a\000l\000i\000s\000a\000t\000i\000o\000n}{}% 37
\BOOKMARK [1][-]{section.4.1}{\376\377\000I\000n\000t\000r\000o\000d\000u\000c\000t\000i\000o\000n}{chapter.4}% 38
\BOOKMARK [1][-]{section.4.2}{\376\377\000E\000n\000v\000i\000r\000o\000n\000n\000e\000m\000e\000n\000t\000\040\000l\000o\000g\000i\000c\000i\000e\000l}{chapter.4}% 39
\BOOKMARK [2][-]{subsection.4.2.1}{\376\377\000J\000a\000v\000a\000\040\000D\000e\000v\000e\000l\000o\000p\000m\000e\000n\000t\000\040\000K\000i\000t\000\040\000\050\000J\000D\000K\000\051}{section.4.2}% 40
\BOOKMARK [2][-]{subsection.4.2.2}{\376\377\000I\000n\000t\000e\000l\000l\000i\000J\000\040\000I\000D\000E\000A}{section.4.2}% 41
\BOOKMARK [2][-]{subsection.4.2.3}{\376\377\000G\000i\000t}{section.4.2}% 42
\BOOKMARK [2][-]{subsection.4.2.4}{\376\377\000G\000i\000t\000H\000u\000b}{section.4.2}% 43
\BOOKMARK [2][-]{subsection.4.2.5}{\376\377\000R\000a\000i\000l\000w\000a\000y\000\040\000\050\000P\000l\000a\000t\000e\000f\000o\000r\000m\000e\000\040\000C\000l\000o\000u\000d\000\051}{section.4.2}% 44
\BOOKMARK [1][-]{section.4.3}{\376\377\000T\000e\000c\000h\000n\000o\000l\000o\000g\000i\000e\000s\000\040\000B\000a\000c\000k\000e\000n\000d}{chapter.4}% 45
\BOOKMARK [2][-]{subsection.4.3.1}{\376\377\000L\000a\000n\000g\000a\000g\000e\000\040\000J\000a\000v\000a}{section.4.3}% 46
\BOOKMARK [2][-]{subsection.4.3.2}{\376\377\000S\000p\000r\000i\000n\000g\000\040\000B\000o\000o\000t}{section.4.3}% 47
\BOOKMARK [2][-]{subsection.4.3.3}{\376\377\000S\000p\000r\000i\000n\000g\000\040\000M\000V\000C}{section.4.3}% 48
\BOOKMARK [2][-]{subsection.4.3.4}{\376\377\000S\000p\000r\000i\000n\000g\000\040\000D\000a\000t\000a\000\040\000J\000P\000A}{section.4.3}% 49
\BOOKMARK [2][-]{subsection.4.3.5}{\376\377\000H\000i\000b\000e\000r\000n\000a\000t\000e}{section.4.3}% 50
\BOOKMARK [2][-]{subsection.4.3.6}{\376\377\000A\000p\000a\000c\000h\000e\000\040\000M\000a\000v\000e\000n}{section.4.3}% 51
\BOOKMARK [2][-]{subsection.4.3.7}{\376\377\000P\000r\000o\000j\000e\000c\000t\000\040\000L\000o\000m\000b\000o\000k}{section.4.3}% 52
\BOOKMARK [1][-]{section.4.4}{\376\377\000T\000e\000c\000h\000n\000o\000l\000o\000g\000i\000e\000s\000\040\000F\000r\000o\000n\000t\000e\000n\000d}{chapter.4}% 53
\BOOKMARK [2][-]{subsection.4.4.1}{\376\377\000H\000T\000M\000L}{section.4.4}% 54
\BOOKMARK [2][-]{subsection.4.4.2}{\376\377\000C\000S\000S}{section.4.4}% 55
\BOOKMARK [2][-]{subsection.4.4.3}{\376\377\000J\000a\000v\000a\000S\000c\000r\000i\000p\000t}{section.4.4}% 56
\BOOKMARK [2][-]{subsection.4.4.4}{\376\377\000B\000o\000o\000t\000s\000t\000r\000a\000p}{section.4.4}% 57
\BOOKMARK [2][-]{subsection.4.4.5}{\376\377\000T\000h\000y\000m\000e\000l\000e\000a\000f}{section.4.4}% 58
\BOOKMARK [2][-]{subsection.4.4.6}{\376\377\000C\000h\000a\000r\000t\000.\000j\000s}{section.4.4}% 59
\BOOKMARK [1][-]{section.4.5}{\376\377\000B\000a\000s\000e\000\040\000d\000e\000\040\000d\000o\000n\000n\000\351\000e\000s}{chapter.4}% 60
\BOOKMARK [2][-]{subsection.4.5.1}{\376\377\000M\000y\000S\000Q\000L}{section.4.5}% 61
\BOOKMARK [2][-]{subsection.4.5.2}{\376\377\000C\000o\000n\000f\000i\000g\000u\000r\000a\000t\000i\000o\000n\000\040\000d\000e\000\040\000l\000a\000\040\000s\000o\000u\000r\000c\000e\000\040\000d\000e\000\040\000d\000o\000n\000n\000\351\000e\000s}{section.4.5}% 62
\BOOKMARK [2][-]{subsection.4.5.3}{\376\377\000M\000a\000p\000p\000i\000n\000g\000\040\000O\000b\000j\000e\000t\000-\000R\000e\000l\000a\000t\000i\000o\000n\000n\000e\000l\000\040\000\050\000O\000R\000M\000\051}{section.4.5}% 63
\BOOKMARK [1][-]{section.4.6}{\376\377\000S\000\351\000c\000u\000r\000i\000t\000\351\000\040\000d\000e\000\040\000l\040\031\000a\000p\000p\000l\000i\000c\000a\000t\000i\000o\000n}{chapter.4}% 64
\BOOKMARK [2][-]{subsection.4.6.1}{\376\377\000C\000o\000n\000c\000e\000p\000t\000s\000\040\000f\000o\000n\000d\000a\000m\000e\000n\000t\000a\000u\000x}{section.4.6}% 65
\BOOKMARK [2][-]{subsection.4.6.2}{\376\377\000S\000p\000r\000i\000n\000g\000\040\000S\000e\000c\000u\000r\000i\000t\000y}{section.4.6}% 66
\BOOKMARK [2][-]{subsection.4.6.3}{\376\377\000J\000S\000O\000N\000\040\000W\000e\000b\000\040\000T\000o\000k\000e\000n\000\040\000\050\000J\000W\000T\000\051}{section.4.6}% 67
\BOOKMARK [2][-]{subsection.4.6.4}{\376\377\000B\000C\000r\000y\000p\000t\000\040\000e\000t\000\040\000p\000r\000o\000t\000e\000c\000t\000i\000o\000n\000\040\000d\000e\000s\000\040\000m\000o\000t\000s\000\040\000d\000e\000\040\000p\000a\000s\000s\000e}{section.4.6}% 68
\BOOKMARK [2][-]{subsection.4.6.5}{\376\377\000G\000e\000s\000t\000i\000o\000n\000\040\000d\000e\000s\000\040\000r\000\364\000l\000e\000s\000\040\000e\000t\000\040\000a\000u\000t\000o\000r\000i\000s\000a\000t\000i\000o\000n\000s}{section.4.6}% 69
\BOOKMARK [2][-]{subsection.4.6.6}{\376\377\000G\000e\000s\000t\000i\000o\000n\000\040\000d\000e\000s\000\040\000r\000\364\000l\000e\000s\000\040\000e\000t\000\040\000a\000u\000t\000o\000r\000i\000s\000a\000t\000i\000o\000n\000s}{section.4.6}% 70
\BOOKMARK [1][-]{section.4.7}{\376\377\000A\000r\000c\000h\000i\000t\000e\000c\000t\000u\000r\000e\000\040\000l\000o\000g\000i\000c\000i\000e\000l\000l\000e\000\040\000d\000u\000\040\000p\000r\000o\000j\000e\000t}{chapter.4}% 71
\BOOKMARK [2][-]{subsection.4.7.1}{\376\377\000A\000r\000c\000h\000i\000t\000e\000c\000t\000u\000r\000e\000\040\000g\000l\000o\000b\000a\000l\000e\000\040\000d\000e\000\040\000l\040\031\000a\000p\000p\000l\000i\000c\000a\000t\000i\000o\000n}{section.4.7}% 72
\BOOKMARK [2][-]{subsection.4.7.2}{\376\377\000O\000r\000g\000a\000n\000i\000s\000a\000t\000i\000o\000n\000\040\000d\000u\000\040\000p\000r\000o\000j\000e\000t\000\040\000d\000a\000n\000s\000\040\000l\040\031\000e\000n\000v\000i\000r\000o\000n\000n\000e\000m\000e\000n\000t\000\040\000d\000e\000\040\000d\000\351\000v\000e\000l\000o\000p\000p\000e\000m\000e\000n\000t}{section.4.7}% 73
\BOOKMARK [1][-]{section.4.8}{\376\377\000P\000r\000\351\000s\000e\000n\000t\000a\000t\000i\000o\000n\000\040\000d\000e\000s\000\040\000f\000o\000n\000c\000t\000i\000o\000n\000n\000a\000l\000i\000t\000\351\000s\000\040\000i\000m\000p\000l\000\351\000m\000e\000n\000t\000\351\000e\000s}{chapter.4}% 74
\BOOKMARK [2][-]{subsection.4.8.1}{\376\377\000I\000n\000t\000e\000r\000f\000a\000c\000e\000\040\000d\040\031\000a\000c\000c\000u\000e\000i\000l\000\040\000\050\000H\000o\000m\000e\000\051}{section.4.8}% 75
\BOOKMARK [2][-]{subsection.4.8.2}{\376\377\000I\000n\000t\000e\000r\000f\000a\000c\000e\000\040\000d\040\031\000i\000n\000s\000c\000r\000i\000p\000t\000i\000o\000n\000\040\000\050\000R\000e\000g\000i\000s\000t\000e\000r\000\051}{section.4.8}% 76
\BOOKMARK [2][-]{subsection.4.8.3}{\376\377\000I\000n\000t\000e\000r\000f\000a\000c\000e\000\040\000d\040\031\000a\000u\000t\000h\000e\000n\000t\000i\000f\000i\000c\000a\000t\000i\000o\000n\000\040\000\050\000L\000o\000g\000i\000n\000\051}{section.4.8}% 77
\BOOKMARK [2][-]{subsection.4.8.4}{\376\377\000C\000o\000n\000s\000u\000l\000t\000a\000t\000i\000o\000n\000\040\000d\000e\000s\000\040\000p\000r\000o\000d\000u\000i\000t\000s}{section.4.8}% 78
\BOOKMARK [2][-]{subsection.4.8.5}{\376\377\000I\000n\000t\000e\000r\000f\000a\000c\000e\000\040\000d\000u\000\040\000p\000a\000n\000i\000e\000r\000\050\000C\000a\000r\000t\000\051}{section.4.8}% 79
\BOOKMARK [2][-]{subsection.4.8.6}{\376\377\000I\000n\000t\000e\000r\000f\000a\000c\000e\000\040\000d\000e\000\040\000c\000o\000n\000s\000u\000l\000t\000a\000t\000i\000o\000n\000\040\000d\000e\000s\000\040\000c\000o\000m\000m\000a\000n\000d\000e\000s}{section.4.8}% 80
\BOOKMARK [2][-]{subsection.4.8.7}{\376\377\000I\000n\000t\000e\000r\000f\000a\000c\000e\000\040\000d\000'\000a\000d\000m\000i\000n\000i\000s\000t\000r\000a\000t\000i\000o\000n\000\040\000d\000e\000s\000\040\000p\000r\000o\000d\000u\000i\000t\000s}{section.4.8}% 81
\BOOKMARK [2][-]{subsection.4.8.8}{\376\377\000I\000n\000t\000e\000r\000f\000a\000c\000e\000\040\000d\000'\000a\000d\000m\000i\000n\000i\000s\000t\000r\000a\000t\000i\000o\000n\000\040\000d\000e\000s\000\040\000c\000o\000m\000m\000a\000n\000d\000e\000s}{section.4.8}% 82
\BOOKMARK [2][-]{subsection.4.8.9}{\376\377\000I\000n\000t\000e\000r\000f\000a\000c\000e\000\040\000d\000'\000a\000d\000m\000i\000n\000i\000s\000t\000r\000a\000t\000i\000o\000n\000\040\000d\000e\000s\000\040\000c\000o\000d\000e\000s\000\040\000p\000r\000o\000m\000o\000t\000i\000o\000n\000n\000e\000l\000s}{section.4.8}% 83
\BOOKMARK [2][-]{subsection.4.8.10}{\376\377\000T\000a\000b\000l\000e\000a\000u\000\040\000d\000e\000\040\000b\000o\000r\000d\000\040\000a\000d\000m\000i\000n\000i\000s\000t\000r\000a\000t\000e\000u\000r\000\040\000\050\000A\000d\000m\000i\000n\000\040\000D\000a\000s\000h\000b\000o\000a\000r\000d\000\051}{section.4.8}% 84
\BOOKMARK [0][-]{chapter*.53}{\376\377\000C\000o\000n\000c\000l\000u\000s\000i\000o\000n\000\040\000g\000\351\000n\000\351\000r\000a\000l\000e}{}% 85
